The system is: Darwin - 15.0.0 - x86_64
Compiling the CXX compiler identification source file "CMakeCXXCompilerId.cpp" succeeded.
Compiler: /opt/local/bin/c++ 
Build flags: 
Id flags: 

The output was:
0


Compilation of the CXX compiler identification source "CMakeCXXCompilerId.cpp" produced "a.out"

The CXX compiler identification is GNU, found in "/Users/yanndubois/desktop/genomicscleresdubois/build/CMakeFiles/3.3.2/CompilerIdCXX/a.out"

Determining if the CXX compiler works passed with the following output:
Change Dir: /Users/yanndubois/desktop/genomicscleresdubois/build/CMakeFiles/CMakeTmp

Run Build Command:"/usr/bin/make" "cmTC_319f1/fast"
/Applications/Xcode.app/Contents/Developer/usr/bin/make -f CMakeFiles/cmTC_319f1.dir/build.make CMakeFiles/cmTC_319f1.dir/build
Building CXX object CMakeFiles/cmTC_319f1.dir/testCXXCompiler.cxx.o
/opt/local/bin/c++     -o CMakeFiles/cmTC_319f1.dir/testCXXCompiler.cxx.o -c /Users/yanndubois/desktop/genomicscleresdubois/build/CMakeFiles/CMakeTmp/testCXXCompiler.cxx
Linking CXX executable cmTC_319f1
/opt/local/bin/cmake -E cmake_link_script CMakeFiles/cmTC_319f1.dir/link.txt --verbose=1
/opt/local/bin/c++     -Wl,-search_paths_first -Wl,-headerpad_max_install_names   CMakeFiles/cmTC_319f1.dir/testCXXCompiler.cxx.o  -o cmTC_319f1  


Detecting CXX compiler ABI info compiled with the following output:
Change Dir: /Users/yanndubois/desktop/genomicscleresdubois/build/CMakeFiles/CMakeTmp

Run Build Command:"/usr/bin/make" "cmTC_23900/fast"
/Applications/Xcode.app/Contents/Developer/usr/bin/make -f CMakeFiles/cmTC_23900.dir/build.make CMakeFiles/cmTC_23900.dir/build
Building CXX object CMakeFiles/cmTC_23900.dir/CMakeCXXCompilerABI.cpp.o
/opt/local/bin/c++     -o CMakeFiles/cmTC_23900.dir/CMakeCXXCompilerABI.cpp.o -c /opt/local/share/cmake-3.3/Modules/CMakeCXXCompilerABI.cpp
Linking CXX executable cmTC_23900
/opt/local/bin/cmake -E cmake_link_script CMakeFiles/cmTC_23900.dir/link.txt --verbose=1
/opt/local/bin/c++     -Wl,-search_paths_first -Wl,-headerpad_max_install_names  -v -Wl,-v CMakeFiles/cmTC_23900.dir/CMakeCXXCompilerABI.cpp.o  -o cmTC_23900   
Using built-in specs.
COLLECT_GCC=/opt/local/bin/c++
COLLECT_LTO_WRAPPER=/opt/local/libexec/gcc/x86_64-apple-darwin15/4.9.3/lto-wrapper
Target: x86_64-apple-darwin15
Configured with: /opt/local/var/macports/build/_opt_local_var_macports_sources_rsync.macports.org_release_tarballs_ports_lang_gcc49/gcc49/work/gcc-4.9.3/configure --prefix=/opt/local --build=x86_64-apple-darwin15 --enable-languages=c,c++,objc,obj-c++,lto,fortran,java --libdir=/opt/local/lib/gcc49 --includedir=/opt/local/include/gcc49 --infodir=/opt/local/share/info --mandir=/opt/local/share/man --datarootdir=/opt/local/share/gcc-4.9 --with-local-prefix=/opt/local --with-system-zlib --disable-nls --program-suffix=-mp-4.9 --with-gxx-include-dir=/opt/local/include/gcc49/c++/ --with-gmp=/opt/local --with-mpfr=/opt/local --with-mpc=/opt/local --with-isl=/opt/local --disable-isl-version-check --with-cloog=/opt/local --disable-cloog-version-check --enable-stage1-checking --disable-multilib --enable-lto --enable-libstdcxx-time --with-as=/opt/local/bin/as --with-ld=/opt/local/bin/ld --with-ar=/opt/local/bin/ar --with-bugurl=https://trac.macports.org/newticket --with-pkgversion='MacPorts gcc49 4.9.3_0' --with-build-config=bootstrap-debug
Thread model: posix
gcc version 4.9.3 (MacPorts gcc49 4.9.3_0) 
COMPILER_PATH=/opt/local/libexec/gcc/x86_64-apple-darwin15/4.9.3/:/opt/local/libexec/gcc/x86_64-apple-darwin15/4.9.3/:/opt/local/libexec/gcc/x86_64-apple-darwin15/:/opt/local/lib/gcc49/gcc/x86_64-apple-darwin15/4.9.3/:/opt/local/lib/gcc49/gcc/x86_64-apple-darwin15/
LIBRARY_PATH=/opt/local/lib/gcc49/gcc/x86_64-apple-darwin15/4.9.3/:/opt/local/lib/gcc49/gcc/x86_64-apple-darwin15/4.9.3/../../../:/usr/lib/
COLLECT_GCC_OPTIONS='-mmacosx-version-min=10.11.0' '-v' '-o' 'cmTC_23900' '-shared-libgcc' '-mtune=core2'
 /opt/local/libexec/gcc/x86_64-apple-darwin15/4.9.3/collect2 -dynamic -arch x86_64 -macosx_version_min 10.11.0 -weak_reference_mismatches non-weak -o cmTC_23900 -L/opt/local/lib/gcc49/gcc/x86_64-apple-darwin15/4.9.3 -L/opt/local/lib/gcc49/gcc/x86_64-apple-darwin15/4.9.3/../../.. -search_paths_first -headerpad_max_install_names -v CMakeFiles/cmTC_23900.dir/CMakeCXXCompilerABI.cpp.o -lstdc++ -no_compact_unwind -lSystem -lgcc_ext.10.5 -lgcc -lSystem -v
collect2 version 4.9.3
/opt/local/bin/ld -dynamic -arch x86_64 -macosx_version_min 10.11.0 -weak_reference_mismatches non-weak -o cmTC_23900 -L/opt/local/lib/gcc49/gcc/x86_64-apple-darwin15/4.9.3 -L/opt/local/lib/gcc49/gcc/x86_64-apple-darwin15/4.9.3/../../.. -search_paths_first -headerpad_max_install_names -v CMakeFiles/cmTC_23900.dir/CMakeCXXCompilerABI.cpp.o -lstdc++ -no_compact_unwind -lSystem -lgcc_ext.10.5 -lgcc -lSystem -v
@(#)PROGRAM:ld  PROJECT:ld64-253.3
configured to support archs: i386 x86_64 x86_64h armv6 armv7 armv7s armv7m armv7k arm64 (tvOS)
@(#)PROGRAM:ld  PROJECT:ld64-253.3
configured to support archs: i386 x86_64 x86_64h armv6 armv7 armv7s armv7m armv7k arm64 (tvOS)
Library search paths:
	/opt/local/lib/gcc49/gcc/x86_64-apple-darwin15/4.9.3
	/opt/local/lib/gcc49
	/usr/lib
	/usr/local/lib
Framework search paths:
	/Library/Frameworks/
	/System/Library/Frameworks/
 /opt/local/bin/nm -n CMakeFiles/cmTC_23900.dir/CMakeCXXCompilerABI.cpp.o


Parsed CXX implicit link information from above output:
  link line regex: [^( *|.*[/\])(ld|([^/\]+-)?ld|collect2)[^/\]*( |$)]
  ignore line: [Change Dir: /Users/yanndubois/desktop/genomicscleresdubois/build/CMakeFiles/CMakeTmp]
  ignore line: []
  ignore line: [Run Build Command:"/usr/bin/make" "cmTC_23900/fast"]
  ignore line: [/Applications/Xcode.app/Contents/Developer/usr/bin/make -f CMakeFiles/cmTC_23900.dir/build.make CMakeFiles/cmTC_23900.dir/build]
  ignore line: [Building CXX object CMakeFiles/cmTC_23900.dir/CMakeCXXCompilerABI.cpp.o]
  ignore line: [/opt/local/bin/c++     -o CMakeFiles/cmTC_23900.dir/CMakeCXXCompilerABI.cpp.o -c /opt/local/share/cmake-3.3/Modules/CMakeCXXCompilerABI.cpp]
  ignore line: [Linking CXX executable cmTC_23900]
  ignore line: [/opt/local/bin/cmake -E cmake_link_script CMakeFiles/cmTC_23900.dir/link.txt --verbose=1]
  ignore line: [/opt/local/bin/c++     -Wl,-search_paths_first -Wl,-headerpad_max_install_names  -v -Wl,-v CMakeFiles/cmTC_23900.dir/CMakeCXXCompilerABI.cpp.o  -o cmTC_23900   ]
  ignore line: [Using built-in specs.]
  ignore line: [COLLECT_GCC=/opt/local/bin/c++]
  ignore line: [COLLECT_LTO_WRAPPER=/opt/local/libexec/gcc/x86_64-apple-darwin15/4.9.3/lto-wrapper]
  ignore line: [Target: x86_64-apple-darwin15]
  ignore line: [Configured with: /opt/local/var/macports/build/_opt_local_var_macports_sources_rsync.macports.org_release_tarballs_ports_lang_gcc49/gcc49/work/gcc-4.9.3/configure --prefix=/opt/local --build=x86_64-apple-darwin15 --enable-languages=c,c++,objc,obj-c++,lto,fortran,java --libdir=/opt/local/lib/gcc49 --includedir=/opt/local/include/gcc49 --infodir=/opt/local/share/info --mandir=/opt/local/share/man --datarootdir=/opt/local/share/gcc-4.9 --with-local-prefix=/opt/local --with-system-zlib --disable-nls --program-suffix=-mp-4.9 --with-gxx-include-dir=/opt/local/include/gcc49/c++/ --with-gmp=/opt/local --with-mpfr=/opt/local --with-mpc=/opt/local --with-isl=/opt/local --disable-isl-version-check --with-cloog=/opt/local --disable-cloog-version-check --enable-stage1-checking --disable-multilib --enable-lto --enable-libstdcxx-time --with-as=/opt/local/bin/as --with-ld=/opt/local/bin/ld --with-ar=/opt/local/bin/ar --with-bugurl=https://trac.macports.org/newticket --with-pkgversion='MacPorts gcc49 4.9.3_0' --with-build-config=bootstrap-debug]
  ignore line: [Thread model: posix]
  ignore line: [gcc version 4.9.3 (MacPorts gcc49 4.9.3_0) ]
  ignore line: [COMPILER_PATH=/opt/local/libexec/gcc/x86_64-apple-darwin15/4.9.3/:/opt/local/libexec/gcc/x86_64-apple-darwin15/4.9.3/:/opt/local/libexec/gcc/x86_64-apple-darwin15/:/opt/local/lib/gcc49/gcc/x86_64-apple-darwin15/4.9.3/:/opt/local/lib/gcc49/gcc/x86_64-apple-darwin15/]
  ignore line: [LIBRARY_PATH=/opt/local/lib/gcc49/gcc/x86_64-apple-darwin15/4.9.3/:/opt/local/lib/gcc49/gcc/x86_64-apple-darwin15/4.9.3/../../../:/usr/lib/]
  ignore line: [COLLECT_GCC_OPTIONS='-mmacosx-version-min=10.11.0' '-v' '-o' 'cmTC_23900' '-shared-libgcc' '-mtune=core2']
  link line: [ /opt/local/libexec/gcc/x86_64-apple-darwin15/4.9.3/collect2 -dynamic -arch x86_64 -macosx_version_min 10.11.0 -weak_reference_mismatches non-weak -o cmTC_23900 -L/opt/local/lib/gcc49/gcc/x86_64-apple-darwin15/4.9.3 -L/opt/local/lib/gcc49/gcc/x86_64-apple-darwin15/4.9.3/../../.. -search_paths_first -headerpad_max_install_names -v CMakeFiles/cmTC_23900.dir/CMakeCXXCompilerABI.cpp.o -lstdc++ -no_compact_unwind -lSystem -lgcc_ext.10.5 -lgcc -lSystem -v]
    arg [/opt/local/libexec/gcc/x86_64-apple-darwin15/4.9.3/collect2] ==> ignore
    arg [-dynamic] ==> ignore
    arg [-arch] ==> ignore
    arg [x86_64] ==> ignore
    arg [-macosx_version_min] ==> ignore
    arg [10.11.0] ==> ignore
    arg [-weak_reference_mismatches] ==> ignore
    arg [non-weak] ==> ignore
    arg [-o] ==> ignore
    arg [cmTC_23900] ==> ignore
    arg [-L/opt/local/lib/gcc49/gcc/x86_64-apple-darwin15/4.9.3] ==> dir [/opt/local/lib/gcc49/gcc/x86_64-apple-darwin15/4.9.3]
    arg [-L/opt/local/lib/gcc49/gcc/x86_64-apple-darwin15/4.9.3/../../..] ==> dir [/opt/local/lib/gcc49/gcc/x86_64-apple-darwin15/4.9.3/../../..]
    arg [-search_paths_first] ==> ignore
    arg [-headerpad_max_install_names] ==> ignore
    arg [-v] ==> ignore
    arg [CMakeFiles/cmTC_23900.dir/CMakeCXXCompilerABI.cpp.o] ==> ignore
    arg [-lstdc++] ==> lib [stdc++]
    arg [-no_compact_unwind] ==> ignore
    arg [-lSystem] ==> lib [System]
    arg [-lgcc_ext.10.5] ==> lib [gcc_ext.10.5]
    arg [-lgcc] ==> lib [gcc]
    arg [-lSystem] ==> lib [System]
    arg [-v] ==> ignore
  Library search paths: [;/opt/local/lib/gcc49/gcc/x86_64-apple-darwin15/4.9.3;/opt/local/lib/gcc49;/usr/lib;/usr/local/lib]
  Framework search paths: [;/Library/Frameworks/;/System/Library/Frameworks/]
  remove lib [System]
  remove lib [gcc_ext.10.5]
  remove lib [gcc]
  remove lib [System]
  collapse library dir [/opt/local/lib/gcc49/gcc/x86_64-apple-darwin15/4.9.3] ==> [/opt/local/lib/gcc49/gcc/x86_64-apple-darwin15/4.9.3]
  collapse library dir [/opt/local/lib/gcc49/gcc/x86_64-apple-darwin15/4.9.3/../../..] ==> [/opt/local/lib/gcc49]
  collapse library dir [/opt/local/lib/gcc49/gcc/x86_64-apple-darwin15/4.9.3] ==> [/opt/local/lib/gcc49/gcc/x86_64-apple-darwin15/4.9.3]
  collapse library dir [/opt/local/lib/gcc49] ==> [/opt/local/lib/gcc49]
  collapse library dir [/usr/lib] ==> [/usr/lib]
  collapse library dir [/usr/local/lib] ==> [/usr/local/lib]
  collapse framework dir [/Library/Frameworks/] ==> [/Library/Frameworks]
  collapse framework dir [/System/Library/Frameworks/] ==> [/System/Library/Frameworks]
  implicit libs: [stdc++]
  implicit dirs: [/opt/local/lib/gcc49/gcc/x86_64-apple-darwin15/4.9.3;/opt/local/lib/gcc49;/usr/lib;/usr/local/lib]
  implicit fwks: [/Library/Frameworks;/System/Library/Frameworks]




Detecting CXX [-std=c++14] compiler features compiled with the following output:
Change Dir: /Users/yanndubois/desktop/genomicscleresdubois/build/CMakeFiles/CMakeTmp

Run Build Command:"/usr/bin/make" "cmTC_99516/fast"
/Applications/Xcode.app/Contents/Developer/usr/bin/make -f CMakeFiles/cmTC_99516.dir/build.make CMakeFiles/cmTC_99516.dir/build
Building CXX object CMakeFiles/cmTC_99516.dir/feature_tests.cxx.o
/opt/local/bin/c++    -std=c++14 -o CMakeFiles/cmTC_99516.dir/feature_tests.cxx.o -c /Users/yanndubois/desktop/genomicscleresdubois/build/CMakeFiles/feature_tests.cxx
Linking CXX executable cmTC_99516
/opt/local/bin/cmake -E cmake_link_script CMakeFiles/cmTC_99516.dir/link.txt --verbose=1
/opt/local/bin/c++     -Wl,-search_paths_first -Wl,-headerpad_max_install_names   CMakeFiles/cmTC_99516.dir/feature_tests.cxx.o  -o cmTC_99516  


    Feature record: CXX_FEATURE:0cxx_aggregate_default_initializers
    Feature record: CXX_FEATURE:1cxx_alias_templates
    Feature record: CXX_FEATURE:1cxx_alignas
    Feature record: CXX_FEATURE:1cxx_alignof
    Feature record: CXX_FEATURE:1cxx_attributes
    Feature record: CXX_FEATURE:1cxx_attribute_deprecated
    Feature record: CXX_FEATURE:1cxx_auto_type
    Feature record: CXX_FEATURE:1cxx_binary_literals
    Feature record: CXX_FEATURE:1cxx_constexpr
    Feature record: CXX_FEATURE:1cxx_contextual_conversions
    Feature record: CXX_FEATURE:1cxx_decltype
    Feature record: CXX_FEATURE:1cxx_decltype_auto
    Feature record: CXX_FEATURE:1cxx_decltype_incomplete_return_types
    Feature record: CXX_FEATURE:1cxx_default_function_template_args
    Feature record: CXX_FEATURE:1cxx_defaulted_functions
    Feature record: CXX_FEATURE:1cxx_defaulted_move_initializers
    Feature record: CXX_FEATURE:1cxx_delegating_constructors
    Feature record: CXX_FEATURE:1cxx_deleted_functions
    Feature record: CXX_FEATURE:1cxx_digit_separators
    Feature record: CXX_FEATURE:1cxx_enum_forward_declarations
    Feature record: CXX_FEATURE:1cxx_explicit_conversions
    Feature record: CXX_FEATURE:1cxx_extended_friend_declarations
    Feature record: CXX_FEATURE:1cxx_extern_templates
    Feature record: CXX_FEATURE:1cxx_final
    Feature record: CXX_FEATURE:1cxx_func_identifier
    Feature record: CXX_FEATURE:1cxx_generalized_initializers
    Feature record: CXX_FEATURE:1cxx_generic_lambdas
    Feature record: CXX_FEATURE:1cxx_inheriting_constructors
    Feature record: CXX_FEATURE:1cxx_inline_namespaces
    Feature record: CXX_FEATURE:1cxx_lambdas
    Feature record: CXX_FEATURE:1cxx_lambda_init_captures
    Feature record: CXX_FEATURE:1cxx_local_type_template_args
    Feature record: CXX_FEATURE:1cxx_long_long_type
    Feature record: CXX_FEATURE:1cxx_noexcept
    Feature record: CXX_FEATURE:1cxx_nonstatic_member_init
    Feature record: CXX_FEATURE:1cxx_nullptr
    Feature record: CXX_FEATURE:1cxx_override
    Feature record: CXX_FEATURE:1cxx_range_for
    Feature record: CXX_FEATURE:1cxx_raw_string_literals
    Feature record: CXX_FEATURE:1cxx_reference_qualified_functions
    Feature record: CXX_FEATURE:0cxx_relaxed_constexpr
    Feature record: CXX_FEATURE:1cxx_return_type_deduction
    Feature record: CXX_FEATURE:1cxx_right_angle_brackets
    Feature record: CXX_FEATURE:1cxx_rvalue_references
    Feature record: CXX_FEATURE:1cxx_sizeof_member
    Feature record: CXX_FEATURE:1cxx_static_assert
    Feature record: CXX_FEATURE:1cxx_strong_enums
    Feature record: CXX_FEATURE:1cxx_template_template_parameters
    Feature record: CXX_FEATURE:1cxx_thread_local
    Feature record: CXX_FEATURE:1cxx_trailing_return_types
    Feature record: CXX_FEATURE:1cxx_unicode_literals
    Feature record: CXX_FEATURE:1cxx_uniform_initialization
    Feature record: CXX_FEATURE:1cxx_unrestricted_unions
    Feature record: CXX_FEATURE:1cxx_user_literals
    Feature record: CXX_FEATURE:0cxx_variable_templates
    Feature record: CXX_FEATURE:1cxx_variadic_macros
    Feature record: CXX_FEATURE:1cxx_variadic_templates


Detecting CXX [-std=c++11] compiler features compiled with the following output:
Change Dir: /Users/yanndubois/desktop/genomicscleresdubois/build/CMakeFiles/CMakeTmp

Run Build Command:"/usr/bin/make" "cmTC_0dacb/fast"
/Applications/Xcode.app/Contents/Developer/usr/bin/make -f CMakeFiles/cmTC_0dacb.dir/build.make CMakeFiles/cmTC_0dacb.dir/build
Building CXX object CMakeFiles/cmTC_0dacb.dir/feature_tests.cxx.o
/opt/local/bin/c++    -std=c++11 -o CMakeFiles/cmTC_0dacb.dir/feature_tests.cxx.o -c /Users/yanndubois/desktop/genomicscleresdubois/build/CMakeFiles/feature_tests.cxx
Linking CXX executable cmTC_0dacb
/opt/local/bin/cmake -E cmake_link_script CMakeFiles/cmTC_0dacb.dir/link.txt --verbose=1
/opt/local/bin/c++     -Wl,-search_paths_first -Wl,-headerpad_max_install_names   CMakeFiles/cmTC_0dacb.dir/feature_tests.cxx.o  -o cmTC_0dacb  


    Feature record: CXX_FEATURE:0cxx_aggregate_default_initializers
    Feature record: CXX_FEATURE:1cxx_alias_templates
    Feature record: CXX_FEATURE:1cxx_alignas
    Feature record: CXX_FEATURE:1cxx_alignof
    Feature record: CXX_FEATURE:1cxx_attributes
    Feature record: CXX_FEATURE:0cxx_attribute_deprecated
    Feature record: CXX_FEATURE:1cxx_auto_type
    Feature record: CXX_FEATURE:0cxx_binary_literals
    Feature record: CXX_FEATURE:1cxx_constexpr
    Feature record: CXX_FEATURE:0cxx_contextual_conversions
    Feature record: CXX_FEATURE:1cxx_decltype
    Feature record: CXX_FEATURE:0cxx_decltype_auto
    Feature record: CXX_FEATURE:1cxx_decltype_incomplete_return_types
    Feature record: CXX_FEATURE:1cxx_default_function_template_args
    Feature record: CXX_FEATURE:1cxx_defaulted_functions
    Feature record: CXX_FEATURE:1cxx_defaulted_move_initializers
    Feature record: CXX_FEATURE:1cxx_delegating_constructors
    Feature record: CXX_FEATURE:1cxx_deleted_functions
    Feature record: CXX_FEATURE:0cxx_digit_separators
    Feature record: CXX_FEATURE:1cxx_enum_forward_declarations
    Feature record: CXX_FEATURE:1cxx_explicit_conversions
    Feature record: CXX_FEATURE:1cxx_extended_friend_declarations
    Feature record: CXX_FEATURE:1cxx_extern_templates
    Feature record: CXX_FEATURE:1cxx_final
    Feature record: CXX_FEATURE:1cxx_func_identifier
    Feature record: CXX_FEATURE:1cxx_generalized_initializers
    Feature record: CXX_FEATURE:0cxx_generic_lambdas
    Feature record: CXX_FEATURE:1cxx_inheriting_constructors
    Feature record: CXX_FEATURE:1cxx_inline_namespaces
    Feature record: CXX_FEATURE:1cxx_lambdas
    Feature record: CXX_FEATURE:0cxx_lambda_init_captures
    Feature record: CXX_FEATURE:1cxx_local_type_template_args
    Feature record: CXX_FEATURE:1cxx_long_long_type
    Feature record: CXX_FEATURE:1cxx_noexcept
    Feature record: CXX_FEATURE:1cxx_nonstatic_member_init
    Feature record: CXX_FEATURE:1cxx_nullptr
    Feature record: CXX_FEATURE:1cxx_override
    Feature record: CXX_FEATURE:1cxx_range_for
    Feature record: CXX_FEATURE:1cxx_raw_string_literals
    Feature record: CXX_FEATURE:1cxx_reference_qualified_functions
    Feature record: CXX_FEATURE:0cxx_relaxed_constexpr
    Feature record: CXX_FEATURE:0cxx_return_type_deduction
    Feature record: CXX_FEATURE:1cxx_right_angle_brackets
    Feature record: CXX_FEATURE:1cxx_rvalue_references
    Feature record: CXX_FEATURE:1cxx_sizeof_member
    Feature record: CXX_FEATURE:1cxx_static_assert
    Feature record: CXX_FEATURE:1cxx_strong_enums
    Feature record: CXX_FEATURE:1cxx_template_template_parameters
    Feature record: CXX_FEATURE:1cxx_thread_local
    Feature record: CXX_FEATURE:1cxx_trailing_return_types
    Feature record: CXX_FEATURE:1cxx_unicode_literals
    Feature record: CXX_FEATURE:1cxx_uniform_initialization
    Feature record: CXX_FEATURE:1cxx_unrestricted_unions
    Feature record: CXX_FEATURE:1cxx_user_literals
    Feature record: CXX_FEATURE:0cxx_variable_templates
    Feature record: CXX_FEATURE:1cxx_variadic_macros
    Feature record: CXX_FEATURE:1cxx_variadic_templates


Detecting CXX [-std=c++98] compiler features compiled with the following output:
Change Dir: /Users/yanndubois/desktop/genomicscleresdubois/build/CMakeFiles/CMakeTmp

Run Build Command:"/usr/bin/make" "cmTC_c3b47/fast"
/Applications/Xcode.app/Contents/Developer/usr/bin/make -f CMakeFiles/cmTC_c3b47.dir/build.make CMakeFiles/cmTC_c3b47.dir/build
Building CXX object CMakeFiles/cmTC_c3b47.dir/feature_tests.cxx.o
/opt/local/bin/c++    -std=c++98 -o CMakeFiles/cmTC_c3b47.dir/feature_tests.cxx.o -c /Users/yanndubois/desktop/genomicscleresdubois/build/CMakeFiles/feature_tests.cxx
Linking CXX executable cmTC_c3b47
/opt/local/bin/cmake -E cmake_link_script CMakeFiles/cmTC_c3b47.dir/link.txt --verbose=1
/opt/local/bin/c++     -Wl,-search_paths_first -Wl,-headerpad_max_install_names   CMakeFiles/cmTC_c3b47.dir/feature_tests.cxx.o  -o cmTC_c3b47  


    Feature record: CXX_FEATURE:0cxx_aggregate_default_initializers
    Feature record: CXX_FEATURE:0cxx_alias_templates
    Feature record: CXX_FEATURE:0cxx_alignas
    Feature record: CXX_FEATURE:0cxx_alignof
    Feature record: CXX_FEATURE:0cxx_attributes
    Feature record: CXX_FEATURE:0cxx_attribute_deprecated
    Feature record: CXX_FEATURE:0cxx_auto_type
    Feature record: CXX_FEATURE:0cxx_binary_literals
    Feature record: CXX_FEATURE:0cxx_constexpr
    Feature record: CXX_FEATURE:0cxx_contextual_conversions
    Feature record: CXX_FEATURE:0cxx_decltype
    Feature record: CXX_FEATURE:0cxx_decltype_auto
    Feature record: CXX_FEATURE:0cxx_decltype_incomplete_return_types
    Feature record: CXX_FEATURE:0cxx_default_function_template_args
    Feature record: CXX_FEATURE:0cxx_defaulted_functions
    Feature record: CXX_FEATURE:0cxx_defaulted_move_initializers
    Feature record: CXX_FEATURE:0cxx_delegating_constructors
    Feature record: CXX_FEATURE:0cxx_deleted_functions
    Feature record: CXX_FEATURE:0cxx_digit_separators
    Feature record: CXX_FEATURE:0cxx_enum_forward_declarations
    Feature record: CXX_FEATURE:0cxx_explicit_conversions
    Feature record: CXX_FEATURE:0cxx_extended_friend_declarations
    Feature record: CXX_FEATURE:0cxx_extern_templates
    Feature record: CXX_FEATURE:0cxx_final
    Feature record: CXX_FEATURE:0cxx_func_identifier
    Feature record: CXX_FEATURE:0cxx_generalized_initializers
    Feature record: CXX_FEATURE:0cxx_generic_lambdas
    Feature record: CXX_FEATURE:0cxx_inheriting_constructors
    Feature record: CXX_FEATURE:0cxx_inline_namespaces
    Feature record: CXX_FEATURE:0cxx_lambdas
    Feature record: CXX_FEATURE:0cxx_lambda_init_captures
    Feature record: CXX_FEATURE:0cxx_local_type_template_args
    Feature record: CXX_FEATURE:0cxx_long_long_type
    Feature record: CXX_FEATURE:0cxx_noexcept
    Feature record: CXX_FEATURE:0cxx_nonstatic_member_init
    Feature record: CXX_FEATURE:0cxx_nullptr
    Feature record: CXX_FEATURE:0cxx_override
    Feature record: CXX_FEATURE:0cxx_range_for
    Feature record: CXX_FEATURE:0cxx_raw_string_literals
    Feature record: CXX_FEATURE:0cxx_reference_qualified_functions
    Feature record: CXX_FEATURE:0cxx_relaxed_constexpr
    Feature record: CXX_FEATURE:0cxx_return_type_deduction
    Feature record: CXX_FEATURE:0cxx_right_angle_brackets
    Feature record: CXX_FEATURE:0cxx_rvalue_references
    Feature record: CXX_FEATURE:0cxx_sizeof_member
    Feature record: CXX_FEATURE:0cxx_static_assert
    Feature record: CXX_FEATURE:0cxx_strong_enums
    Feature record: CXX_FEATURE:1cxx_template_template_parameters
    Feature record: CXX_FEATURE:0cxx_thread_local
    Feature record: CXX_FEATURE:0cxx_trailing_return_types
    Feature record: CXX_FEATURE:0cxx_unicode_literals
    Feature record: CXX_FEATURE:0cxx_uniform_initialization
    Feature record: CXX_FEATURE:0cxx_unrestricted_unions
    Feature record: CXX_FEATURE:0cxx_user_literals
    Feature record: CXX_FEATURE:0cxx_variable_templates
    Feature record: CXX_FEATURE:0cxx_variadic_macros
    Feature record: CXX_FEATURE:0cxx_variadic_templates
Compiling the C compiler identification source file "CMakeCCompilerId.c" succeeded.
Compiler: /opt/local/bin/gcc 
Build flags: 
Id flags: 

The output was:
0


Compilation of the C compiler identification source "CMakeCCompilerId.c" produced "a.out"

The C compiler identification is GNU, found in "/Users/yanndubois/desktop/genomicscleresdubois/build/CMakeFiles/3.3.2/CompilerIdC/a.out"

Determining if the C compiler works passed with the following output:
Change Dir: /Users/yanndubois/desktop/genomicscleresdubois/build/CMakeFiles/CMakeTmp

Run Build Command:"/usr/bin/make" "cmTC_5e82b/fast"
/Applications/Xcode.app/Contents/Developer/usr/bin/make -f CMakeFiles/cmTC_5e82b.dir/build.make CMakeFiles/cmTC_5e82b.dir/build
Building C object CMakeFiles/cmTC_5e82b.dir/testCCompiler.c.o
/opt/local/bin/gcc    -o CMakeFiles/cmTC_5e82b.dir/testCCompiler.c.o   -c /Users/yanndubois/desktop/genomicscleresdubois/build/CMakeFiles/CMakeTmp/testCCompiler.c
Linking C executable cmTC_5e82b
/opt/local/bin/cmake -E cmake_link_script CMakeFiles/cmTC_5e82b.dir/link.txt --verbose=1
/opt/local/bin/gcc    -Wl,-search_paths_first -Wl,-headerpad_max_install_names   CMakeFiles/cmTC_5e82b.dir/testCCompiler.c.o  -o cmTC_5e82b  


Detecting C compiler ABI info compiled with the following output:
Change Dir: /Users/yanndubois/desktop/genomicscleresdubois/build/CMakeFiles/CMakeTmp

Run Build Command:"/usr/bin/make" "cmTC_28449/fast"
/Applications/Xcode.app/Contents/Developer/usr/bin/make -f CMakeFiles/cmTC_28449.dir/build.make CMakeFiles/cmTC_28449.dir/build
Building C object CMakeFiles/cmTC_28449.dir/CMakeCCompilerABI.c.o
/opt/local/bin/gcc    -o CMakeFiles/cmTC_28449.dir/CMakeCCompilerABI.c.o   -c /opt/local/share/cmake-3.3/Modules/CMakeCCompilerABI.c
Linking C executable cmTC_28449
/opt/local/bin/cmake -E cmake_link_script CMakeFiles/cmTC_28449.dir/link.txt --verbose=1
/opt/local/bin/gcc    -Wl,-search_paths_first -Wl,-headerpad_max_install_names  -v -Wl,-v CMakeFiles/cmTC_28449.dir/CMakeCCompilerABI.c.o  -o cmTC_28449   
Using built-in specs.
COLLECT_GCC=/opt/local/bin/gcc
COLLECT_LTO_WRAPPER=/opt/local/libexec/gcc/x86_64-apple-darwin15/4.9.3/lto-wrapper
Target: x86_64-apple-darwin15
Configured with: /opt/local/var/macports/build/_opt_local_var_macports_sources_rsync.macports.org_release_tarballs_ports_lang_gcc49/gcc49/work/gcc-4.9.3/configure --prefix=/opt/local --build=x86_64-apple-darwin15 --enable-languages=c,c++,objc,obj-c++,lto,fortran,java --libdir=/opt/local/lib/gcc49 --includedir=/opt/local/include/gcc49 --infodir=/opt/local/share/info --mandir=/opt/local/share/man --datarootdir=/opt/local/share/gcc-4.9 --with-local-prefix=/opt/local --with-system-zlib --disable-nls --program-suffix=-mp-4.9 --with-gxx-include-dir=/opt/local/include/gcc49/c++/ --with-gmp=/opt/local --with-mpfr=/opt/local --with-mpc=/opt/local --with-isl=/opt/local --disable-isl-version-check --with-cloog=/opt/local --disable-cloog-version-check --enable-stage1-checking --disable-multilib --enable-lto --enable-libstdcxx-time --with-as=/opt/local/bin/as --with-ld=/opt/local/bin/ld --with-ar=/opt/local/bin/ar --with-bugurl=https://trac.macports.org/newticket --with-pkgversion='MacPorts gcc49 4.9.3_0' --with-build-config=bootstrap-debug
Thread model: posix
gcc version 4.9.3 (MacPorts gcc49 4.9.3_0) 
COMPILER_PATH=/opt/local/libexec/gcc/x86_64-apple-darwin15/4.9.3/:/opt/local/libexec/gcc/x86_64-apple-darwin15/4.9.3/:/opt/local/libexec/gcc/x86_64-apple-darwin15/:/opt/local/lib/gcc49/gcc/x86_64-apple-darwin15/4.9.3/:/opt/local/lib/gcc49/gcc/x86_64-apple-darwin15/
LIBRARY_PATH=/opt/local/lib/gcc49/gcc/x86_64-apple-darwin15/4.9.3/:/opt/local/lib/gcc49/gcc/x86_64-apple-darwin15/4.9.3/../../../:/usr/lib/
COLLECT_GCC_OPTIONS='-mmacosx-version-min=10.11.0' '-v' '-o' 'cmTC_28449' '-mtune=core2'
 /opt/local/libexec/gcc/x86_64-apple-darwin15/4.9.3/collect2 -dynamic -arch x86_64 -macosx_version_min 10.11.0 -weak_reference_mismatches non-weak -o cmTC_28449 -L/opt/local/lib/gcc49/gcc/x86_64-apple-darwin15/4.9.3 -L/opt/local/lib/gcc49/gcc/x86_64-apple-darwin15/4.9.3/../../.. -search_paths_first -headerpad_max_install_names -v CMakeFiles/cmTC_28449.dir/CMakeCCompilerABI.c.o -no_compact_unwind -lSystem -lgcc_ext.10.5 -lgcc -lSystem -v
collect2 version 4.9.3
/opt/local/bin/ld -dynamic -arch x86_64 -macosx_version_min 10.11.0 -weak_reference_mismatches non-weak -o cmTC_28449 -L/opt/local/lib/gcc49/gcc/x86_64-apple-darwin15/4.9.3 -L/opt/local/lib/gcc49/gcc/x86_64-apple-darwin15/4.9.3/../../.. -search_paths_first -headerpad_max_install_names -v CMakeFiles/cmTC_28449.dir/CMakeCCompilerABI.c.o -no_compact_unwind -lSystem -lgcc_ext.10.5 -lgcc -lSystem -v
@(#)PROGRAM:ld  PROJECT:ld64-253.3
configured to support archs: i386 x86_64 x86_64h armv6 armv7 armv7s armv7m armv7k arm64 (tvOS)
@(#)PROGRAM:ld  PROJECT:ld64-253.3
configured to support archs: i386 x86_64 x86_64h armv6 armv7 armv7s armv7m armv7k arm64 (tvOS)
Library search paths:
	/opt/local/lib/gcc49/gcc/x86_64-apple-darwin15/4.9.3
	/opt/local/lib/gcc49
	/usr/lib
	/usr/local/lib
Framework search paths:
	/Library/Frameworks/
	/System/Library/Frameworks/
 /opt/local/bin/nm -n CMakeFiles/cmTC_28449.dir/CMakeCCompilerABI.c.o


Parsed C implicit link information from above output:
  link line regex: [^( *|.*[/\])(ld|([^/\]+-)?ld|collect2)[^/\]*( |$)]
  ignore line: [Change Dir: /Users/yanndubois/desktop/genomicscleresdubois/build/CMakeFiles/CMakeTmp]
  ignore line: []
  ignore line: [Run Build Command:"/usr/bin/make" "cmTC_28449/fast"]
  ignore line: [/Applications/Xcode.app/Contents/Developer/usr/bin/make -f CMakeFiles/cmTC_28449.dir/build.make CMakeFiles/cmTC_28449.dir/build]
  ignore line: [Building C object CMakeFiles/cmTC_28449.dir/CMakeCCompilerABI.c.o]
  ignore line: [/opt/local/bin/gcc    -o CMakeFiles/cmTC_28449.dir/CMakeCCompilerABI.c.o   -c /opt/local/share/cmake-3.3/Modules/CMakeCCompilerABI.c]
  ignore line: [Linking C executable cmTC_28449]
  ignore line: [/opt/local/bin/cmake -E cmake_link_script CMakeFiles/cmTC_28449.dir/link.txt --verbose=1]
  ignore line: [/opt/local/bin/gcc    -Wl,-search_paths_first -Wl,-headerpad_max_install_names  -v -Wl,-v CMakeFiles/cmTC_28449.dir/CMakeCCompilerABI.c.o  -o cmTC_28449   ]
  ignore line: [Using built-in specs.]
  ignore line: [COLLECT_GCC=/opt/local/bin/gcc]
  ignore line: [COLLECT_LTO_WRAPPER=/opt/local/libexec/gcc/x86_64-apple-darwin15/4.9.3/lto-wrapper]
  ignore line: [Target: x86_64-apple-darwin15]
  ignore line: [Configured with: /opt/local/var/macports/build/_opt_local_var_macports_sources_rsync.macports.org_release_tarballs_ports_lang_gcc49/gcc49/work/gcc-4.9.3/configure --prefix=/opt/local --build=x86_64-apple-darwin15 --enable-languages=c,c++,objc,obj-c++,lto,fortran,java --libdir=/opt/local/lib/gcc49 --includedir=/opt/local/include/gcc49 --infodir=/opt/local/share/info --mandir=/opt/local/share/man --datarootdir=/opt/local/share/gcc-4.9 --with-local-prefix=/opt/local --with-system-zlib --disable-nls --program-suffix=-mp-4.9 --with-gxx-include-dir=/opt/local/include/gcc49/c++/ --with-gmp=/opt/local --with-mpfr=/opt/local --with-mpc=/opt/local --with-isl=/opt/local --disable-isl-version-check --with-cloog=/opt/local --disable-cloog-version-check --enable-stage1-checking --disable-multilib --enable-lto --enable-libstdcxx-time --with-as=/opt/local/bin/as --with-ld=/opt/local/bin/ld --with-ar=/opt/local/bin/ar --with-bugurl=https://trac.macports.org/newticket --with-pkgversion='MacPorts gcc49 4.9.3_0' --with-build-config=bootstrap-debug]
  ignore line: [Thread model: posix]
  ignore line: [gcc version 4.9.3 (MacPorts gcc49 4.9.3_0) ]
  ignore line: [COMPILER_PATH=/opt/local/libexec/gcc/x86_64-apple-darwin15/4.9.3/:/opt/local/libexec/gcc/x86_64-apple-darwin15/4.9.3/:/opt/local/libexec/gcc/x86_64-apple-darwin15/:/opt/local/lib/gcc49/gcc/x86_64-apple-darwin15/4.9.3/:/opt/local/lib/gcc49/gcc/x86_64-apple-darwin15/]
  ignore line: [LIBRARY_PATH=/opt/local/lib/gcc49/gcc/x86_64-apple-darwin15/4.9.3/:/opt/local/lib/gcc49/gcc/x86_64-apple-darwin15/4.9.3/../../../:/usr/lib/]
  ignore line: [COLLECT_GCC_OPTIONS='-mmacosx-version-min=10.11.0' '-v' '-o' 'cmTC_28449' '-mtune=core2']
  link line: [ /opt/local/libexec/gcc/x86_64-apple-darwin15/4.9.3/collect2 -dynamic -arch x86_64 -macosx_version_min 10.11.0 -weak_reference_mismatches non-weak -o cmTC_28449 -L/opt/local/lib/gcc49/gcc/x86_64-apple-darwin15/4.9.3 -L/opt/local/lib/gcc49/gcc/x86_64-apple-darwin15/4.9.3/../../.. -search_paths_first -headerpad_max_install_names -v CMakeFiles/cmTC_28449.dir/CMakeCCompilerABI.c.o -no_compact_unwind -lSystem -lgcc_ext.10.5 -lgcc -lSystem -v]
    arg [/opt/local/libexec/gcc/x86_64-apple-darwin15/4.9.3/collect2] ==> ignore
    arg [-dynamic] ==> ignore
    arg [-arch] ==> ignore
    arg [x86_64] ==> ignore
    arg [-macosx_version_min] ==> ignore
    arg [10.11.0] ==> ignore
    arg [-weak_reference_mismatches] ==> ignore
    arg [non-weak] ==> ignore
    arg [-o] ==> ignore
    arg [cmTC_28449] ==> ignore
    arg [-L/opt/local/lib/gcc49/gcc/x86_64-apple-darwin15/4.9.3] ==> dir [/opt/local/lib/gcc49/gcc/x86_64-apple-darwin15/4.9.3]
    arg [-L/opt/local/lib/gcc49/gcc/x86_64-apple-darwin15/4.9.3/../../..] ==> dir [/opt/local/lib/gcc49/gcc/x86_64-apple-darwin15/4.9.3/../../..]
    arg [-search_paths_first] ==> ignore
    arg [-headerpad_max_install_names] ==> ignore
    arg [-v] ==> ignore
    arg [CMakeFiles/cmTC_28449.dir/CMakeCCompilerABI.c.o] ==> ignore
    arg [-no_compact_unwind] ==> ignore
    arg [-lSystem] ==> lib [System]
    arg [-lgcc_ext.10.5] ==> lib [gcc_ext.10.5]
    arg [-lgcc] ==> lib [gcc]
    arg [-lSystem] ==> lib [System]
    arg [-v] ==> ignore
  Library search paths: [;/opt/local/lib/gcc49/gcc/x86_64-apple-darwin15/4.9.3;/opt/local/lib/gcc49;/usr/lib;/usr/local/lib]
  Framework search paths: [;/Library/Frameworks/;/System/Library/Frameworks/]
  remove lib [System]
  remove lib [gcc_ext.10.5]
  remove lib [gcc]
  remove lib [System]
  collapse library dir [/opt/local/lib/gcc49/gcc/x86_64-apple-darwin15/4.9.3] ==> [/opt/local/lib/gcc49/gcc/x86_64-apple-darwin15/4.9.3]
  collapse library dir [/opt/local/lib/gcc49/gcc/x86_64-apple-darwin15/4.9.3/../../..] ==> [/opt/local/lib/gcc49]
  collapse library dir [/opt/local/lib/gcc49/gcc/x86_64-apple-darwin15/4.9.3] ==> [/opt/local/lib/gcc49/gcc/x86_64-apple-darwin15/4.9.3]
  collapse library dir [/opt/local/lib/gcc49] ==> [/opt/local/lib/gcc49]
  collapse library dir [/usr/lib] ==> [/usr/lib]
  collapse library dir [/usr/local/lib] ==> [/usr/local/lib]
  collapse framework dir [/Library/Frameworks/] ==> [/Library/Frameworks]
  collapse framework dir [/System/Library/Frameworks/] ==> [/System/Library/Frameworks]
  implicit libs: []
  implicit dirs: [/opt/local/lib/gcc49/gcc/x86_64-apple-darwin15/4.9.3;/opt/local/lib/gcc49;/usr/lib;/usr/local/lib]
  implicit fwks: [/Library/Frameworks;/System/Library/Frameworks]




Detecting C [-std=c11] compiler features compiled with the following output:
Change Dir: /Users/yanndubois/desktop/genomicscleresdubois/build/CMakeFiles/CMakeTmp

Run Build Command:"/usr/bin/make" "cmTC_736ae/fast"
/Applications/Xcode.app/Contents/Developer/usr/bin/make -f CMakeFiles/cmTC_736ae.dir/build.make CMakeFiles/cmTC_736ae.dir/build
Building C object CMakeFiles/cmTC_736ae.dir/feature_tests.c.o
/opt/local/bin/gcc   -std=c11 -o CMakeFiles/cmTC_736ae.dir/feature_tests.c.o   -c /Users/yanndubois/desktop/genomicscleresdubois/build/CMakeFiles/feature_tests.c
Linking C executable cmTC_736ae
/opt/local/bin/cmake -E cmake_link_script CMakeFiles/cmTC_736ae.dir/link.txt --verbose=1
/opt/local/bin/gcc    -Wl,-search_paths_first -Wl,-headerpad_max_install_names   CMakeFiles/cmTC_736ae.dir/feature_tests.c.o  -o cmTC_736ae  


    Feature record: C_FEATURE:1c_function_prototypes
    Feature record: C_FEATURE:1c_restrict
    Feature record: C_FEATURE:1c_static_assert
    Feature record: C_FEATURE:1c_variadic_macros


Detecting C [-std=c99] compiler features compiled with the following output:
Change Dir: /Users/yanndubois/desktop/genomicscleresdubois/build/CMakeFiles/CMakeTmp

Run Build Command:"/usr/bin/make" "cmTC_7c1cf/fast"
/Applications/Xcode.app/Contents/Developer/usr/bin/make -f CMakeFiles/cmTC_7c1cf.dir/build.make CMakeFiles/cmTC_7c1cf.dir/build
Building C object CMakeFiles/cmTC_7c1cf.dir/feature_tests.c.o
/opt/local/bin/gcc   -std=c99 -o CMakeFiles/cmTC_7c1cf.dir/feature_tests.c.o   -c /Users/yanndubois/desktop/genomicscleresdubois/build/CMakeFiles/feature_tests.c
Linking C executable cmTC_7c1cf
/opt/local/bin/cmake -E cmake_link_script CMakeFiles/cmTC_7c1cf.dir/link.txt --verbose=1
/opt/local/bin/gcc    -Wl,-search_paths_first -Wl,-headerpad_max_install_names   CMakeFiles/cmTC_7c1cf.dir/feature_tests.c.o  -o cmTC_7c1cf  


    Feature record: C_FEATURE:1c_function_prototypes
    Feature record: C_FEATURE:1c_restrict
    Feature record: C_FEATURE:0c_static_assert
    Feature record: C_FEATURE:1c_variadic_macros


Detecting C [-std=c90] compiler features compiled with the following output:
Change Dir: /Users/yanndubois/desktop/genomicscleresdubois/build/CMakeFiles/CMakeTmp

Run Build Command:"/usr/bin/make" "cmTC_237aa/fast"
/Applications/Xcode.app/Contents/Developer/usr/bin/make -f CMakeFiles/cmTC_237aa.dir/build.make CMakeFiles/cmTC_237aa.dir/build
Building C object CMakeFiles/cmTC_237aa.dir/feature_tests.c.o
/opt/local/bin/gcc   -std=c90 -o CMakeFiles/cmTC_237aa.dir/feature_tests.c.o   -c /Users/yanndubois/desktop/genomicscleresdubois/build/CMakeFiles/feature_tests.c
Linking C executable cmTC_237aa
/opt/local/bin/cmake -E cmake_link_script CMakeFiles/cmTC_237aa.dir/link.txt --verbose=1
/opt/local/bin/gcc    -Wl,-search_paths_first -Wl,-headerpad_max_install_names   CMakeFiles/cmTC_237aa.dir/feature_tests.c.o  -o cmTC_237aa  


    Feature record: C_FEATURE:1c_function_prototypes
    Feature record: C_FEATURE:0c_restrict
    Feature record: C_FEATURE:0c_static_assert
    Feature record: C_FEATURE:0c_variadic_macros
Determining if files pthread.h exist passed with the following output:
Change Dir: /Users/yanndubois/desktop/genomicscleresdubois/build/CMakeFiles/CMakeTmp

Run Build Command:"/usr/bin/make" "cmTC_70874/fast"
/Applications/Xcode.app/Contents/Developer/usr/bin/make -f CMakeFiles/cmTC_70874.dir/build.make CMakeFiles/cmTC_70874.dir/build
Building C object CMakeFiles/cmTC_70874.dir/CheckIncludeFiles.c.o
/opt/local/bin/gcc    -o CMakeFiles/cmTC_70874.dir/CheckIncludeFiles.c.o   -c /Users/yanndubois/desktop/genomicscleresdubois/build/CMakeFiles/CMakeTmp/CheckIncludeFiles.c
Linking C executable cmTC_70874
/opt/local/bin/cmake -E cmake_link_script CMakeFiles/cmTC_70874.dir/link.txt --verbose=1
/opt/local/bin/gcc    -Wl,-search_paths_first -Wl,-headerpad_max_install_names   CMakeFiles/cmTC_70874.dir/CheckIncludeFiles.c.o  -o cmTC_70874  


Determining if the pthread_create exist passed with the following output:
Change Dir: /Users/yanndubois/desktop/genomicscleresdubois/build/CMakeFiles/CMakeTmp

Run Build Command:"/usr/bin/make" "cmTC_6ba7f/fast"
/Applications/Xcode.app/Contents/Developer/usr/bin/make -f CMakeFiles/cmTC_6ba7f.dir/build.make CMakeFiles/cmTC_6ba7f.dir/build
Building C object CMakeFiles/cmTC_6ba7f.dir/CheckSymbolExists.c.o
/opt/local/bin/gcc    -o CMakeFiles/cmTC_6ba7f.dir/CheckSymbolExists.c.o   -c /Users/yanndubois/desktop/genomicscleresdubois/build/CMakeFiles/CMakeTmp/CheckSymbolExists.c
Linking C executable cmTC_6ba7f
/opt/local/bin/cmake -E cmake_link_script CMakeFiles/cmTC_6ba7f.dir/link.txt --verbose=1
/opt/local/bin/gcc    -Wl,-search_paths_first -Wl,-headerpad_max_install_names   CMakeFiles/cmTC_6ba7f.dir/CheckSymbolExists.c.o  -o cmTC_6ba7f  

File /Users/yanndubois/desktop/genomicscleresdubois/build/CMakeFiles/CMakeTmp/CheckSymbolExists.c:
/* */
#include <pthread.h>

int main(int argc, char** argv)
{
  (void)argv;
#ifndef pthread_create
  return ((int*)(&pthread_create))[argc];
#else
  (void)argc;
  return 0;
#endif
}

